<?xml version="1.0" encoding="utf-8"?><testsuites name="pytest tests"><testsuite name="pytest" errors="0" failures="0" skipped="0" tests="19" time="4.362" timestamp="2026-03-24T16:22:41.178809+00:00" hostname="agent-env-bc1c1ed9-150b-40d4-9f52-e7c4887a3076"><testcase classname="backend.tests.test_coming_soon_shop.TestProductStockAPI" name="test_get_products_stock_returns_200" time="0.245" /><testcase classname="backend.tests.test_coming_soon_shop.TestProductStockAPI" name="test_get_products_stock_returns_all_products" time="0.108" /><testcase classname="backend.tests.test_coming_soon_shop.TestProductStockAPI" name="test_products_have_coming_soon_true" time="0.105" /><testcase classname="backend.tests.test_coming_soon_shop.TestProductStockAPI" name="test_products_have_stock_20" time="0.107" /><testcase classname="backend.tests.test_coming_soon_shop.TestProductStockAPI" name="test_stock_response_structure" time="0.110" /><testcase classname="backend.tests.test_coming_soon_shop.TestNotifyMeAPI" name="test_notify_valid_email_and_product" time="0.110" /><testcase classname="backend.tests.test_coming_soon_shop.TestNotifyMeAPI" name="test_notify_duplicate_email_returns_already_subscribed" time="0.259" /><testcase classname="backend.tests.test_coming_soon_shop.TestNotifyMeAPI" name="test_notify_invalid_product_id_returns_400" time="0.159" /><testcase classname="backend.tests.test_coming_soon_shop.TestNotifyMeAPI" name="test_notify_invalid_email_format_returns_422" time="0.185" /><testcase classname="backend.tests.test_coming_soon_shop.TestNotifyMeAPI" name="test_notify_missing_email_returns_422" time="0.117" /><testcase classname="backend.tests.test_coming_soon_shop.TestNotifyMeAPI" name="test_notify_missing_product_id_returns_422" time="0.137" /><testcase classname="backend.tests.test_coming_soon_shop.TestNotifyMeAPI" name="test_notify_all_valid_product_ids" time="0.394" /><testcase classname="backend.tests.test_coming_soon_shop.TestContactFormAPI" name="test_contact_form_success" time="0.820" /><testcase classname="backend.tests.test_coming_soon_shop.TestContactFormAPI" name="test_contact_form_without_instagram" time="0.786" /><testcase classname="backend.tests.test_coming_soon_shop.TestContactFormAPI" name="test_contact_form_invalid_email_returns_422" time="0.118" /><testcase classname="backend.tests.test_coming_soon_shop.TestContactFormAPI" name="test_contact_form_missing_required_fields" time="0.201" /><testcase classname="backend.tests.test_coming_soon_shop.TestAPIHealth" name="test_api_root_returns_200" time="0.112" /><testcase classname="backend.tests.test_coming_soon_shop.TestAPIHealth" name="test_retreats_endpoint_returns_200" time="0.110" /><testcase classname="backend.tests.test_coming_soon_shop.TestAPIHealth" name="test_testimonials_endpoint_returns_200" time="0.111" /></testsuite></testsuites>