<?xml version="1.0" encoding="utf-8"?><testsuites name="pytest tests"><testsuite name="pytest" errors="0" failures="0" skipped="0" tests="8" time="1.469" timestamp="2026-03-21T05:30:17.126248+00:00" hostname="agent-env-f7ede6f7-c888-468c-a2a9-a3867503e679"><testcase classname="backend.tests.test_retreats_contact.TestContactEndpoint" name="test_retreat_application_submission" time="0.391" /><testcase classname="backend.tests.test_retreats_contact.TestContactEndpoint" name="test_private_retreat_enquiry_submission" time="0.228" /><testcase classname="backend.tests.test_retreats_contact.TestContactEndpoint" name="test_contact_form_required_fields" time="0.102" /><testcase classname="backend.tests.test_retreats_contact.TestContactEndpoint" name="test_contact_form_invalid_email" time="0.104" /><testcase classname="backend.tests.test_retreats_contact.TestContactEndpoint" name="test_contact_form_optional_fields" time="0.228" /><testcase classname="backend.tests.test_retreats_contact.TestRetreatsEndpoint" name="test_get_retreats" time="0.109" /><testcase classname="backend.tests.test_retreats_contact.TestTestimonialsEndpoint" name="test_get_testimonials" time="0.095" /><testcase classname="backend.tests.test_retreats_contact.TestHealthEndpoint" name="test_api_root" time="0.154" /></testsuite></testsuites>